<?xml version="1.0" encoding="UTF-8"?>
<!-- Generated by org.testng.reporters.JUnitXMLReporter -->
<testsuite ignored="0" hostname="LAPNADIAER7" failures="0" tests="3" name="Default test" time="4.325" errors="0" timestamp="2022-03-14T22:50:02 EDT">
  <testcase classname="testCases.tests" name="userLogin" time="3.566"/>
  <testcase classname="testCases.tests" name="createUser" time="0.459"/>
  <testcase classname="testCases.tests" name="updateUser" time="0.197"/>
</testsuite> <!-- Default test -->
