<?xml version="1.0" encoding="UTF-8"?>
<testng-results ignored="0" total="3" passed="3" failed="0" skipped="0">
  <reporter-output>
  </reporter-output>
  <suite started-at="2022-03-14T22:49:58 EDT" name="Default suite" finished-at="2022-03-14T22:50:02 EDT" duration-ms="4325">
    <groups>
    </groups>
    <test started-at="2022-03-14T22:49:58 EDT" name="Default test" finished-at="2022-03-14T22:50:02 EDT" duration-ms="4325">
      <class name="testCases.tests">
        <test-method signature="userLogin()[pri:1, instance:testCases.tests@5d465e4b]" started-at="2022-03-14T22:49:58 EDT" name="userLogin" finished-at="2022-03-14T22:50:02 EDT" duration-ms="3566" status="PASS">
          <reporter-output>
          </reporter-output>
        </test-method> <!-- userLogin -->
        <test-method signature="createUser()[pri:2, instance:testCases.tests@5d465e4b]" started-at="2022-03-14T22:50:02 EDT" name="createUser" finished-at="2022-03-14T22:50:02 EDT" duration-ms="459" status="PASS">
          <reporter-output>
          </reporter-output>
        </test-method> <!-- createUser -->
        <test-method signature="updateUser()[pri:3, instance:testCases.tests@5d465e4b]" started-at="2022-03-14T22:50:02 EDT" name="updateUser" finished-at="2022-03-14T22:50:02 EDT" duration-ms="197" status="PASS">
          <reporter-output>
          </reporter-output>
        </test-method> <!-- updateUser -->
      </class> <!-- testCases.tests -->
    </test> <!-- Default test -->
  </suite> <!-- Default suite -->
</testng-results>
